2022-08-26 00:02:03.574  INFO 38241 --- [main] r.e.g.m.s.UserSettingsServiceTests       : Starting UserSettingsServiceTests using Java 17.0.2 on MacBook-Air.local with PID 38241 (started by permishin in /Users/permishin/IdeaProjects/backend)
2022-08-26 00:02:03.582 DEBUG 38241 --- [main] r.e.g.m.s.UserSettingsServiceTests       : Running with Spring Boot v2.7.2, Spring v5.3.22
2022-08-26 00:02:03.583  INFO 38241 --- [main] r.e.g.m.s.UserSettingsServiceTests       : The following 1 profile is active: "test"
2022-08-26 00:02:05.186  INFO 38241 --- [main] .s.d.r.c.RepositoryConfigurationDelegate : Bootstrapping Spring Data JPA repositories in DEFAULT mode.
2022-08-26 00:02:05.318  INFO 38241 --- [main] .s.d.r.c.RepositoryConfigurationDelegate : Finished Spring Data repository scanning in 110 ms. Found 5 JPA repository interfaces.
2022-08-26 00:02:07.745  INFO 38241 --- [main] com.zaxxer.hikari.HikariDataSource       : HikariPool-1 - Starting...
2022-08-26 00:02:08.313  INFO 38241 --- [main] com.zaxxer.hikari.HikariDataSource       : HikariPool-1 - Start completed.
2022-08-26 00:02:08.448  INFO 38241 --- [main] liquibase.database                       : Set default schema name to PUBLIC
2022-08-26 00:02:08.847  INFO 38241 --- [main] liquibase.lockservice                    : Successfully acquired change log lock
2022-08-26 00:02:08.866  INFO 38241 --- [main] liquibase.command                        : Dropping Database Objects in schema: SOC_NET.PUBLIC
2022-08-26 00:02:08.888  INFO 38241 --- [main] liquibase.changelog                      : Creating database history table with name: PUBLIC.DATABASECHANGELOG
2022-08-26 00:02:09.107  INFO 38241 --- [main] liquibase.database                       : Successfully deleted all supported object types in schema SOC_NET.PUBLIC.
2022-08-26 00:02:09.110  INFO 38241 --- [main] liquibase.lockservice                    : Successfully released change log lock
2022-08-26 00:02:09.140  INFO 38241 --- [main] liquibase.lockservice                    : Successfully acquired change log lock
2022-08-26 00:02:09.456  INFO 38241 --- [main] liquibase.changelog                      : Creating database history table with name: PUBLIC.DATABASECHANGELOG
2022-08-26 00:02:09.461  INFO 38241 --- [main] liquibase.changelog                      : Reading from PUBLIC.DATABASECHANGELOG
2022-08-26 00:02:09.623  INFO 38241 --- [main] liquibase.changelog                      : Table users created
2022-08-26 00:02:09.624  INFO 38241 --- [main] liquibase.changelog                      : ChangeSet db/changelog/db.changelog.yaml::1::dmitriev_aleksandr ran successfully in 9ms
2022-08-26 00:02:09.640  INFO 38241 --- [main] liquibase.changelog                      : Table block_history created
2022-08-26 00:02:09.646  INFO 38241 --- [main] liquibase.changelog                      : Table admins created
2022-08-26 00:02:09.650  INFO 38241 --- [main] liquibase.changelog                      : Table friendships created
2022-08-26 00:02:09.654  INFO 38241 --- [main] liquibase.changelog                      : Table friendship_statuses created
2022-08-26 00:02:09.659  INFO 38241 --- [main] liquibase.changelog                      : Table messages created
2022-08-26 00:02:09.662  INFO 38241 --- [main] liquibase.changelog                      : Table dialogs created
2022-08-26 00:02:09.669  INFO 38241 --- [main] liquibase.changelog                      : Table posts created
2022-08-26 00:02:09.673  INFO 38241 --- [main] liquibase.changelog                      : Table tags created
2022-08-26 00:02:09.677  INFO 38241 --- [main] liquibase.changelog                      : Table posts_to_tags created
2022-08-26 00:02:09.686  INFO 38241 --- [main] liquibase.changelog                      : Table likes created
2022-08-26 00:02:09.690  INFO 38241 --- [main] liquibase.changelog                      : Table post_files created
2022-08-26 00:02:09.695  INFO 38241 --- [main] liquibase.changelog                      : Table post_comments created
2022-08-26 00:02:09.702  INFO 38241 --- [main] liquibase.changelog                      : Table notifications created
2022-08-26 00:02:09.707  INFO 38241 --- [main] liquibase.changelog                      : Table notification_types created
2022-08-26 00:02:09.713  INFO 38241 --- [main] liquibase.changelog                      : Table notification_settings created
2022-08-26 00:02:09.719  INFO 38241 --- [main] liquibase.changelog                      : Table support_requests created
2022-08-26 00:02:09.725  INFO 38241 --- [main] liquibase.changelog                      : Table blacklisted_tokens created
2022-08-26 00:02:09.729  INFO 38241 --- [main] liquibase.changelog                      : Table user_role created
2022-08-26 00:02:09.730  INFO 38241 --- [main] liquibase.changelog                      : ChangeSet db/changelog/db.changelog.yaml::2::dmitriev_aleksandr ran successfully in 96ms
2022-08-26 00:02:09.742  INFO 38241 --- [main] liquibase.changelog                      : New row inserted into users
2022-08-26 00:02:09.743  INFO 38241 --- [main] liquibase.changelog                      : ChangeSet db/changelog/db.changelog.yaml::3::koch ran successfully in 7ms
2022-08-26 00:02:09.747  INFO 38241 --- [main] liquibase.lockservice                    : Successfully released change log lock
2022-08-26 00:02:10.078  INFO 38241 --- [main] o.hibernate.jpa.internal.util.LogHelper  : HHH000204: Processing PersistenceUnitInfo [name: default]
2022-08-26 00:02:10.244  INFO 38241 --- [main] org.hibernate.Version                    : HHH000412: Hibernate ORM core version 5.6.10.Final
2022-08-26 00:02:10.368  INFO 38241 --- [main] o.hibernate.annotations.common.Version   : HCANN000001: Hibernate Commons Annotations {5.1.2.Final}
2022-08-26 00:02:10.697  INFO 38241 --- [main] org.hibernate.dialect.Dialect            : HHH000400: Using dialect: org.hibernate.dialect.H2Dialect
2022-08-26 00:02:12.138  INFO 38241 --- [main] o.h.e.t.j.p.i.JtaPlatformInitiator       : HHH000490: Using JtaPlatform implementation: [org.hibernate.engine.transaction.jta.platform.internal.NoJtaPlatform]
2022-08-26 00:02:12.159  INFO 38241 --- [main] j.LocalContainerEntityManagerFactoryBean : Initialized JPA EntityManagerFactory for persistence unit 'default'
2022-08-26 00:02:13.029  WARN 38241 --- [main] JpaBaseConfiguration$JpaWebConfiguration : spring.jpa.open-in-view is enabled by default. Therefore, database queries may be performed during view rendering. Explicitly configure spring.jpa.open-in-view to disable this warning
2022-08-26 00:02:14.291  INFO 38241 --- [main] o.s.s.web.DefaultSecurityFilterChain     : Will secure any request with [org.springframework.security.web.session.DisableEncodeUrlFilter@5bc150e9, org.springframework.security.web.context.request.async.WebAsyncManagerIntegrationFilter@28fa0ff8, org.springframework.security.web.context.SecurityContextPersistenceFilter@12ec5e73, org.springframework.security.web.header.HeaderWriterFilter@6da53709, org.springframework.web.filter.CorsFilter@726e780a, org.springframework.security.web.authentication.logout.LogoutFilter@65067d90, ru.example.group.main.security.JWTRequestFilter@36c45b54, org.springframework.security.web.authentication.UsernamePasswordAuthenticationFilter@36f93ea3, org.springframework.security.web.authentication.ui.DefaultLoginPageGeneratingFilter@1368e451, org.springframework.security.web.authentication.ui.DefaultLogoutPageGeneratingFilter@4698ae6, org.springframework.security.web.savedrequest.RequestCacheAwareFilter@bf2f2ce, org.springframework.security.web.servletapi.SecurityContextHolderAwareRequestFilter@7b1d3a05, org.springframework.security.web.authentication.AnonymousAuthenticationFilter@557ed49a, org.springframework.security.web.session.SessionManagementFilter@68abf2ad, org.springframework.security.web.access.ExceptionTranslationFilter@49825659, org.springframework.security.web.access.intercept.FilterSecurityInterceptor@497ccf3]
2022-08-26 00:02:15.030  INFO 38241 --- [main] o.s.b.t.m.w.SpringBootMockServletContext : Initializing Spring TestDispatcherServlet ''
2022-08-26 00:02:15.030  INFO 38241 --- [main] o.s.t.web.servlet.TestDispatcherServlet  : Initializing Servlet ''
2022-08-26 00:02:15.032  INFO 38241 --- [main] o.s.t.web.servlet.TestDispatcherServlet  : Completed initialization in 2 ms
2022-08-26 00:02:15.064  INFO 38241 --- [main] r.e.g.m.s.UserSettingsServiceTests       : Started UserSettingsServiceTests in 12.511 seconds (JVM running for 15.872)
2022-08-26 00:02:15.479  INFO 38241 --- [SpringApplicationShutdownHook] j.LocalContainerEntityManagerFactoryBean : Closing JPA EntityManagerFactory for persistence unit 'default'
2022-08-26 00:02:15.483  INFO 38241 --- [SpringApplicationShutdownHook] com.zaxxer.hikari.HikariDataSource       : HikariPool-1 - Shutdown initiated...
2022-08-26 00:02:15.488  INFO 38241 --- [SpringApplicationShutdownHook] com.zaxxer.hikari.HikariDataSource       : HikariPool-1 - Shutdown completed.
2022-08-26 00:08:10.867  INFO 38710 --- [main] r.e.g.m.s.UserSettingsServiceTests       : Starting UserSettingsServiceTests using Java 17.0.2 on MacBook-Air.local with PID 38710 (started by permishin in /Users/permishin/IdeaProjects/backend)
2022-08-26 00:08:10.869 DEBUG 38710 --- [main] r.e.g.m.s.UserSettingsServiceTests       : Running with Spring Boot v2.7.2, Spring v5.3.22
2022-08-26 00:08:10.870  INFO 38710 --- [main] r.e.g.m.s.UserSettingsServiceTests       : The following 1 profile is active: "test"
2022-08-26 00:08:12.541  INFO 38710 --- [main] .s.d.r.c.RepositoryConfigurationDelegate : Bootstrapping Spring Data JPA repositories in DEFAULT mode.
2022-08-26 00:08:12.668  INFO 38710 --- [main] .s.d.r.c.RepositoryConfigurationDelegate : Finished Spring Data repository scanning in 107 ms. Found 5 JPA repository interfaces.
2022-08-26 00:08:15.369  INFO 38710 --- [main] com.zaxxer.hikari.HikariDataSource       : HikariPool-1 - Starting...
2022-08-26 00:08:16.036  INFO 38710 --- [main] com.zaxxer.hikari.HikariDataSource       : HikariPool-1 - Start completed.
2022-08-26 00:08:16.199  INFO 38710 --- [main] liquibase.database                       : Set default schema name to PUBLIC
2022-08-26 00:08:16.623  INFO 38710 --- [main] liquibase.lockservice                    : Successfully acquired change log lock
2022-08-26 00:08:16.643  INFO 38710 --- [main] liquibase.command                        : Dropping Database Objects in schema: SOC_NET.PUBLIC
2022-08-26 00:08:16.673  INFO 38710 --- [main] liquibase.changelog                      : Creating database history table with name: PUBLIC.DATABASECHANGELOG
2022-08-26 00:08:16.890  INFO 38710 --- [main] liquibase.database                       : Successfully deleted all supported object types in schema SOC_NET.PUBLIC.
2022-08-26 00:08:16.893  INFO 38710 --- [main] liquibase.lockservice                    : Successfully released change log lock
2022-08-26 00:08:16.913  INFO 38710 --- [main] liquibase.lockservice                    : Successfully acquired change log lock
2022-08-26 00:08:17.225  INFO 38710 --- [main] liquibase.changelog                      : Creating database history table with name: PUBLIC.DATABASECHANGELOG
2022-08-26 00:08:17.229  INFO 38710 --- [main] liquibase.changelog                      : Reading from PUBLIC.DATABASECHANGELOG
2022-08-26 00:08:17.397  INFO 38710 --- [main] liquibase.changelog                      : Table users created
2022-08-26 00:08:17.398  INFO 38710 --- [main] liquibase.changelog                      : ChangeSet db/changelog/db.changelog.yaml::1::dmitriev_aleksandr ran successfully in 8ms
2022-08-26 00:08:17.409  INFO 38710 --- [main] liquibase.changelog                      : Table block_history created
2022-08-26 00:08:17.412  INFO 38710 --- [main] liquibase.changelog                      : Table admins created
2022-08-26 00:08:17.415  INFO 38710 --- [main] liquibase.changelog                      : Table friendships created
2022-08-26 00:08:17.418  INFO 38710 --- [main] liquibase.changelog                      : Table friendship_statuses created
2022-08-26 00:08:17.424  INFO 38710 --- [main] liquibase.changelog                      : Table messages created
2022-08-26 00:08:17.427  INFO 38710 --- [main] liquibase.changelog                      : Table dialogs created
2022-08-26 00:08:17.432  INFO 38710 --- [main] liquibase.changelog                      : Table posts created
2022-08-26 00:08:17.438  INFO 38710 --- [main] liquibase.changelog                      : Table tags created
2022-08-26 00:08:17.443  INFO 38710 --- [main] liquibase.changelog                      : Table posts_to_tags created
2022-08-26 00:08:17.448  INFO 38710 --- [main] liquibase.changelog                      : Table likes created
2022-08-26 00:08:17.452  INFO 38710 --- [main] liquibase.changelog                      : Table post_files created
2022-08-26 00:08:17.460  INFO 38710 --- [main] liquibase.changelog                      : Table post_comments created
2022-08-26 00:08:17.464  INFO 38710 --- [main] liquibase.changelog                      : Table notifications created
2022-08-26 00:08:17.468  INFO 38710 --- [main] liquibase.changelog                      : Table notification_types created
2022-08-26 00:08:17.476  INFO 38710 --- [main] liquibase.changelog                      : Table notification_settings created
2022-08-26 00:08:17.479  INFO 38710 --- [main] liquibase.changelog                      : Table support_requests created
2022-08-26 00:08:17.485  INFO 38710 --- [main] liquibase.changelog                      : Table blacklisted_tokens created
2022-08-26 00:08:17.490  INFO 38710 --- [main] liquibase.changelog                      : Table user_role created
2022-08-26 00:08:17.491  INFO 38710 --- [main] liquibase.changelog                      : ChangeSet db/changelog/db.changelog.yaml::2::dmitriev_aleksandr ran successfully in 84ms
2022-08-26 00:08:17.500  INFO 38710 --- [main] liquibase.changelog                      : New row inserted into users
2022-08-26 00:08:17.502  INFO 38710 --- [main] liquibase.changelog                      : ChangeSet db/changelog/db.changelog.yaml::3::koch ran successfully in 3ms
2022-08-26 00:08:17.509  INFO 38710 --- [main] liquibase.lockservice                    : Successfully released change log lock
2022-08-26 00:08:17.819  INFO 38710 --- [main] o.hibernate.jpa.internal.util.LogHelper  : HHH000204: Processing PersistenceUnitInfo [name: default]
2022-08-26 00:08:17.990  INFO 38710 --- [main] org.hibernate.Version                    : HHH000412: Hibernate ORM core version 5.6.10.Final
2022-08-26 00:08:18.129  INFO 38710 --- [main] o.hibernate.annotations.common.Version   : HCANN000001: Hibernate Commons Annotations {5.1.2.Final}
2022-08-26 00:08:18.438  INFO 38710 --- [main] org.hibernate.dialect.Dialect            : HHH000400: Using dialect: org.hibernate.dialect.H2Dialect
2022-08-26 00:08:19.926  INFO 38710 --- [main] o.h.e.t.j.p.i.JtaPlatformInitiator       : HHH000490: Using JtaPlatform implementation: [org.hibernate.engine.transaction.jta.platform.internal.NoJtaPlatform]
2022-08-26 00:08:19.976  INFO 38710 --- [main] j.LocalContainerEntityManagerFactoryBean : Initialized JPA EntityManagerFactory for persistence unit 'default'
2022-08-26 00:08:20.973  WARN 38710 --- [main] JpaBaseConfiguration$JpaWebConfiguration : spring.jpa.open-in-view is enabled by default. Therefore, database queries may be performed during view rendering. Explicitly configure spring.jpa.open-in-view to disable this warning
2022-08-26 00:08:22.212  INFO 38710 --- [main] o.s.s.web.DefaultSecurityFilterChain     : Will secure any request with [org.springframework.security.web.session.DisableEncodeUrlFilter@3118ed2c, org.springframework.security.web.context.request.async.WebAsyncManagerIntegrationFilter@5bc150e9, org.springframework.security.web.context.SecurityContextPersistenceFilter@24f8ff82, org.springframework.security.web.header.HeaderWriterFilter@a712344, org.springframework.web.filter.CorsFilter@28fa0ff8, org.springframework.security.web.authentication.logout.LogoutFilter@6c152246, ru.example.group.main.security.JWTRequestFilter@5f160341, org.springframework.security.web.authentication.UsernamePasswordAuthenticationFilter@f7a19c4, org.springframework.security.web.authentication.ui.DefaultLoginPageGeneratingFilter@6f54d397, org.springframework.security.web.authentication.ui.DefaultLogoutPageGeneratingFilter@726e780a, org.springframework.security.web.savedrequest.RequestCacheAwareFilter@689504b1, org.springframework.security.web.servletapi.SecurityContextHolderAwareRequestFilter@bf2f2ce, org.springframework.security.web.authentication.AnonymousAuthenticationFilter@4698ae6, org.springframework.security.web.session.SessionManagementFilter@6b438782, org.springframework.security.web.access.ExceptionTranslationFilter@65c97eeb, org.springframework.security.web.access.intercept.FilterSecurityInterceptor@5c18ad5d]
2022-08-26 00:08:23.172  INFO 38710 --- [main] o.s.b.t.m.w.SpringBootMockServletContext : Initializing Spring TestDispatcherServlet ''
2022-08-26 00:08:23.173  INFO 38710 --- [main] o.s.t.web.servlet.TestDispatcherServlet  : Initializing Servlet ''
2022-08-26 00:08:23.175  INFO 38710 --- [main] o.s.t.web.servlet.TestDispatcherServlet  : Completed initialization in 2 ms
2022-08-26 00:08:23.221  INFO 38710 --- [main] r.e.g.m.s.UserSettingsServiceTests       : Started UserSettingsServiceTests in 13.407 seconds (JVM running for 17.106)
2022-08-26 00:08:23.845  INFO 38710 --- [SpringApplicationShutdownHook] j.LocalContainerEntityManagerFactoryBean : Closing JPA EntityManagerFactory for persistence unit 'default'
2022-08-26 00:08:23.850  INFO 38710 --- [SpringApplicationShutdownHook] com.zaxxer.hikari.HikariDataSource       : HikariPool-1 - Shutdown initiated...
2022-08-26 00:08:23.854  INFO 38710 --- [SpringApplicationShutdownHook] com.zaxxer.hikari.HikariDataSource       : HikariPool-1 - Shutdown completed.
